C:\Users\Cait.Sidener\Desktop\Tappers\ClientApp\dist\out-tsc\e2e\src\app.po.js
C:\Users\Cait.Sidener\Desktop\Tappers\ClientApp\dist\out-tsc\e2e\src\app.po.js.map
C:\Users\Cait.Sidener\Desktop\Tappers\ClientApp\dist\out-tsc\e2e\src\app.e2e-spec.js
C:\Users\Cait.Sidener\Desktop\Tappers\ClientApp\dist\out-tsc\e2e\src\app.e2e-spec.js.map
C:\Users\Cait.Sidener\Desktop\Tappers\ClientApp\dist\out-tsc\src\app\shared\navigation\not-found\not-found.component.js
C:\Users\Cait.Sidener\Desktop\Tappers\ClientApp\dist\out-tsc\src\app\shared\navigation\not-found\not-found.component.js.map
C:\Users\Cait.Sidener\Desktop\Tappers\ClientApp\dist\out-tsc\src\app\shared\_services\dom.service.js
C:\Users\Cait.Sidener\Desktop\Tappers\ClientApp\dist\out-tsc\src\app\shared\_services\dom.service.js.map
C:\Users\Cait.Sidener\Desktop\Tappers\ClientApp\dist\out-tsc\src\app\shared\_services\storage.service.js
C:\Users\Cait.Sidener\Desktop\Tappers\ClientApp\dist\out-tsc\src\app\shared\_services\storage.service.js.map
C:\Users\Cait.Sidener\Desktop\Tappers\ClientApp\dist\out-tsc\src\app\shared\_services\index.js
C:\Users\Cait.Sidener\Desktop\Tappers\ClientApp\dist\out-tsc\src\app\shared\_services\index.js.map
C:\Users\Cait.Sidener\Desktop\Tappers\ClientApp\dist\out-tsc\src\app\shared\modal\modal.js
C:\Users\Cait.Sidener\Desktop\Tappers\ClientApp\dist\out-tsc\src\app\shared\modal\modal.js.map
C:\Users\Cait.Sidener\Desktop\Tappers\ClientApp\dist\out-tsc\src\app\shared\modal\_services\modal.service.js
C:\Users\Cait.Sidener\Desktop\Tappers\ClientApp\dist\out-tsc\src\app\shared\modal\_services\modal.service.js.map
C:\Users\Cait.Sidener\Desktop\Tappers\ClientApp\dist\out-tsc\src\app\shared\modal\_services\index.js
C:\Users\Cait.Sidener\Desktop\Tappers\ClientApp\dist\out-tsc\src\app\shared\modal\_services\index.js.map
C:\Users\Cait.Sidener\Desktop\Tappers\ClientApp\dist\out-tsc\src\app\calendar\CalendarEvent.js
C:\Users\Cait.Sidener\Desktop\Tappers\ClientApp\dist\out-tsc\src\app\calendar\CalendarEvent.js.map
C:\Users\Cait.Sidener\Desktop\Tappers\ClientApp\dist\out-tsc\src\app\calendar\_services\calendar.service.js
C:\Users\Cait.Sidener\Desktop\Tappers\ClientApp\dist\out-tsc\src\app\calendar\_services\calendar.service.js.map
C:\Users\Cait.Sidener\Desktop\Tappers\ClientApp\dist\out-tsc\src\app\calendar\_services\index.js
C:\Users\Cait.Sidener\Desktop\Tappers\ClientApp\dist\out-tsc\src\app\calendar\_services\index.js.map
C:\Users\Cait.Sidener\Desktop\Tappers\ClientApp\dist\out-tsc\src\app\calendar\add-event\add-event.component.js
C:\Users\Cait.Sidener\Desktop\Tappers\ClientApp\dist\out-tsc\src\app\calendar\add-event\add-event.component.js.map
C:\Users\Cait.Sidener\Desktop\Tappers\ClientApp\dist\out-tsc\src\app\account\user.service.js
C:\Users\Cait.Sidener\Desktop\Tappers\ClientApp\dist\out-tsc\src\app\account\user.service.js.map
C:\Users\Cait.Sidener\Desktop\Tappers\ClientApp\dist\out-tsc\src\app\calendar\calendar-form\calendar-form.component.js
C:\Users\Cait.Sidener\Desktop\Tappers\ClientApp\dist\out-tsc\src\app\calendar\calendar-form\calendar-form.component.js.map
C:\Users\Cait.Sidener\Desktop\Tappers\ClientApp\dist\out-tsc\src\app\app-routing.module.js
C:\Users\Cait.Sidener\Desktop\Tappers\ClientApp\dist\out-tsc\src\app\app-routing.module.js.map
C:\Users\Cait.Sidener\Desktop\Tappers\ClientApp\dist\out-tsc\src\app\app.component.js
C:\Users\Cait.Sidener\Desktop\Tappers\ClientApp\dist\out-tsc\src\app\app.component.js.map
C:\Users\Cait.Sidener\Desktop\Tappers\ClientApp\dist\out-tsc\src\app\shared\modal\modal.component.js
C:\Users\Cait.Sidener\Desktop\Tappers\ClientApp\dist\out-tsc\src\app\shared\modal\modal.component.js.map
C:\Users\Cait.Sidener\Desktop\Tappers\ClientApp\dist\out-tsc\src\app\shared\pagination\_services\paginator.service.js
C:\Users\Cait.Sidener\Desktop\Tappers\ClientApp\dist\out-tsc\src\app\shared\pagination\_services\paginator.service.js.map
C:\Users\Cait.Sidener\Desktop\Tappers\ClientApp\dist\out-tsc\src\app\shared\pagination\_services\index.js
C:\Users\Cait.Sidener\Desktop\Tappers\ClientApp\dist\out-tsc\src\app\shared\pagination\_services\index.js.map
C:\Users\Cait.Sidener\Desktop\Tappers\ClientApp\dist\out-tsc\src\app\shared\pagination\pagination.component.js
C:\Users\Cait.Sidener\Desktop\Tappers\ClientApp\dist\out-tsc\src\app\shared\pagination\pagination.component.js.map
C:\Users\Cait.Sidener\Desktop\Tappers\ClientApp\dist\out-tsc\src\app\shared\_utilities\url.utility.js
C:\Users\Cait.Sidener\Desktop\Tappers\ClientApp\dist\out-tsc\src\app\shared\_utilities\url.utility.js.map
C:\Users\Cait.Sidener\Desktop\Tappers\ClientApp\dist\out-tsc\src\app\shared\_utilities\index.js
C:\Users\Cait.Sidener\Desktop\Tappers\ClientApp\dist\out-tsc\src\app\shared\_utilities\index.js.map
C:\Users\Cait.Sidener\Desktop\Tappers\ClientApp\dist\out-tsc\src\app\shared\navigation\_services\navigation.service.js
C:\Users\Cait.Sidener\Desktop\Tappers\ClientApp\dist\out-tsc\src\app\shared\navigation\_services\navigation.service.js.map
C:\Users\Cait.Sidener\Desktop\Tappers\ClientApp\dist\out-tsc\src\app\shared\navigation\_services\index.js
C:\Users\Cait.Sidener\Desktop\Tappers\ClientApp\dist\out-tsc\src\app\shared\navigation\_services\index.js.map
C:\Users\Cait.Sidener\Desktop\Tappers\ClientApp\dist\out-tsc\src\app\shared\navigation\navigation.component.js
C:\Users\Cait.Sidener\Desktop\Tappers\ClientApp\dist\out-tsc\src\app\shared\navigation\navigation.component.js.map
C:\Users\Cait.Sidener\Desktop\Tappers\ClientApp\dist\out-tsc\src\app\shared\indicator\loader\loader.component.js
C:\Users\Cait.Sidener\Desktop\Tappers\ClientApp\dist\out-tsc\src\app\shared\indicator\loader\loader.component.js.map
C:\Users\Cait.Sidener\Desktop\Tappers\ClientApp\dist\out-tsc\src\app\shared\shared.module.js
C:\Users\Cait.Sidener\Desktop\Tappers\ClientApp\dist\out-tsc\src\app\shared\shared.module.js.map
C:\Users\Cait.Sidener\Desktop\Tappers\ClientApp\dist\out-tsc\src\app\account\auth.guard.js
C:\Users\Cait.Sidener\Desktop\Tappers\ClientApp\dist\out-tsc\src\app\account\auth.guard.js.map
C:\Users\Cait.Sidener\Desktop\Tappers\ClientApp\dist\out-tsc\src\app\calendar\calendar-routing.module.js
C:\Users\Cait.Sidener\Desktop\Tappers\ClientApp\dist\out-tsc\src\app\calendar\calendar-routing.module.js.map
C:\Users\Cait.Sidener\Desktop\Tappers\ClientApp\dist\out-tsc\src\environments\environment.js
C:\Users\Cait.Sidener\Desktop\Tappers\ClientApp\dist\out-tsc\src\environments\environment.js.map
C:\Users\Cait.Sidener\Desktop\Tappers\ClientApp\dist\out-tsc\src\app\calendar\calendar.module.js
C:\Users\Cait.Sidener\Desktop\Tappers\ClientApp\dist\out-tsc\src\app\calendar\calendar.module.js.map
C:\Users\Cait.Sidener\Desktop\Tappers\ClientApp\dist\out-tsc\src\app\account\login\login.component.js
C:\Users\Cait.Sidener\Desktop\Tappers\ClientApp\dist\out-tsc\src\app\account\login\login.component.js.map
C:\Users\Cait.Sidener\Desktop\Tappers\ClientApp\dist\out-tsc\src\app\account\account-routing.module.js
C:\Users\Cait.Sidener\Desktop\Tappers\ClientApp\dist\out-tsc\src\app\account\account-routing.module.js.map
C:\Users\Cait.Sidener\Desktop\Tappers\ClientApp\dist\out-tsc\src\app\account\account.module.js
C:\Users\Cait.Sidener\Desktop\Tappers\ClientApp\dist\out-tsc\src\app\account\account.module.js.map
C:\Users\Cait.Sidener\Desktop\Tappers\ClientApp\dist\out-tsc\src\app\archives\archive-pics\archive-pics.component.js
C:\Users\Cait.Sidener\Desktop\Tappers\ClientApp\dist\out-tsc\src\app\archives\archive-pics\archive-pics.component.js.map
C:\Users\Cait.Sidener\Desktop\Tappers\ClientApp\dist\out-tsc\src\app\archives\image-upload\image-upload.component.js
C:\Users\Cait.Sidener\Desktop\Tappers\ClientApp\dist\out-tsc\src\app\archives\image-upload\image-upload.component.js.map
C:\Users\Cait.Sidener\Desktop\Tappers\ClientApp\dist\out-tsc\src\app\archives\archives-routing.module.js
C:\Users\Cait.Sidener\Desktop\Tappers\ClientApp\dist\out-tsc\src\app\archives\archives-routing.module.js.map
C:\Users\Cait.Sidener\Desktop\Tappers\ClientApp\dist\out-tsc\src\app\archives\archives.module.js
C:\Users\Cait.Sidener\Desktop\Tappers\ClientApp\dist\out-tsc\src\app\archives\archives.module.js.map
C:\Users\Cait.Sidener\Desktop\Tappers\ClientApp\dist\out-tsc\src\app\app.module.js
C:\Users\Cait.Sidener\Desktop\Tappers\ClientApp\dist\out-tsc\src\app\app.module.js.map
C:\Users\Cait.Sidener\Desktop\Tappers\ClientApp\dist\out-tsc\src\main.js
C:\Users\Cait.Sidener\Desktop\Tappers\ClientApp\dist\out-tsc\src\main.js.map
C:\Users\Cait.Sidener\Desktop\Tappers\ClientApp\dist\out-tsc\src\polyfills.js
C:\Users\Cait.Sidener\Desktop\Tappers\ClientApp\dist\out-tsc\src\polyfills.js.map
C:\Users\Cait.Sidener\Desktop\Tappers\ClientApp\dist\out-tsc\src\test.js
C:\Users\Cait.Sidener\Desktop\Tappers\ClientApp\dist\out-tsc\src\test.js.map
C:\Users\Cait.Sidener\Desktop\Tappers\ClientApp\dist\out-tsc\src\app\app.component.spec.js
C:\Users\Cait.Sidener\Desktop\Tappers\ClientApp\dist\out-tsc\src\app\app.component.spec.js.map
C:\Users\Cait.Sidener\Desktop\Tappers\ClientApp\dist\out-tsc\src\app\account\auth.guard.spec.js
C:\Users\Cait.Sidener\Desktop\Tappers\ClientApp\dist\out-tsc\src\app\account\auth.guard.spec.js.map
C:\Users\Cait.Sidener\Desktop\Tappers\ClientApp\dist\out-tsc\src\app\account\user.service.spec.js
C:\Users\Cait.Sidener\Desktop\Tappers\ClientApp\dist\out-tsc\src\app\account\user.service.spec.js.map
C:\Users\Cait.Sidener\Desktop\Tappers\ClientApp\dist\out-tsc\src\app\account\user.js
C:\Users\Cait.Sidener\Desktop\Tappers\ClientApp\dist\out-tsc\src\app\account\user.js.map
C:\Users\Cait.Sidener\Desktop\Tappers\ClientApp\dist\out-tsc\src\app\account\login-home\login-home.component.js
C:\Users\Cait.Sidener\Desktop\Tappers\ClientApp\dist\out-tsc\src\app\account\login-home\login-home.component.js.map
C:\Users\Cait.Sidener\Desktop\Tappers\ClientApp\dist\out-tsc\src\app\account\register\register.component.js
C:\Users\Cait.Sidener\Desktop\Tappers\ClientApp\dist\out-tsc\src\app\account\register\register.component.js.map
C:\Users\Cait.Sidener\Desktop\Tappers\ClientApp\dist\out-tsc\src\app\account\register\register.component.spec.js
C:\Users\Cait.Sidener\Desktop\Tappers\ClientApp\dist\out-tsc\src\app\account\register\register.component.spec.js.map
C:\Users\Cait.Sidener\Desktop\Tappers\ClientApp\dist\out-tsc\src\app\archives\archive-pics\archive-pics.component.spec.js
C:\Users\Cait.Sidener\Desktop\Tappers\ClientApp\dist\out-tsc\src\app\archives\archive-pics\archive-pics.component.spec.js.map
C:\Users\Cait.Sidener\Desktop\Tappers\ClientApp\dist\out-tsc\src\app\archives\image-upload\image-upload.component.spec.js
C:\Users\Cait.Sidener\Desktop\Tappers\ClientApp\dist\out-tsc\src\app\archives\image-upload\image-upload.component.spec.js.map
C:\Users\Cait.Sidener\Desktop\Tappers\ClientApp\dist\out-tsc\src\app\calendar\add-event\add-event.component.spec.js
C:\Users\Cait.Sidener\Desktop\Tappers\ClientApp\dist\out-tsc\src\app\calendar\add-event\add-event.component.spec.js.map
C:\Users\Cait.Sidener\Desktop\Tappers\ClientApp\dist\out-tsc\src\app\calendar\calendar-form\calendar-form.component.spec.js
C:\Users\Cait.Sidener\Desktop\Tappers\ClientApp\dist\out-tsc\src\app\calendar\calendar-form\calendar-form.component.spec.js.map
C:\Users\Cait.Sidener\Desktop\Tappers\ClientApp\dist\out-tsc\src\app.reference\shared\navigation\not-found\not-found.component.js
C:\Users\Cait.Sidener\Desktop\Tappers\ClientApp\dist\out-tsc\src\app.reference\shared\navigation\not-found\not-found.component.js.map
C:\Users\Cait.Sidener\Desktop\Tappers\ClientApp\dist\out-tsc\src\app.reference\shared\security\unauthorized\unauthorized.component.js
C:\Users\Cait.Sidener\Desktop\Tappers\ClientApp\dist\out-tsc\src\app.reference\shared\security\unauthorized\unauthorized.component.js.map
C:\Users\Cait.Sidener\Desktop\Tappers\ClientApp\dist\out-tsc\src\app.reference\shared\_services\dom.service.js
C:\Users\Cait.Sidener\Desktop\Tappers\ClientApp\dist\out-tsc\src\app.reference\shared\_services\dom.service.js.map
C:\Users\Cait.Sidener\Desktop\Tappers\ClientApp\dist\out-tsc\src\app.reference\shared\_services\storage.service.js
C:\Users\Cait.Sidener\Desktop\Tappers\ClientApp\dist\out-tsc\src\app.reference\shared\_services\storage.service.js.map
C:\Users\Cait.Sidener\Desktop\Tappers\ClientApp\dist\out-tsc\src\app.reference\shared\_services\index.js
C:\Users\Cait.Sidener\Desktop\Tappers\ClientApp\dist\out-tsc\src\app.reference\shared\_services\index.js.map
C:\Users\Cait.Sidener\Desktop\Tappers\ClientApp\dist\out-tsc\src\app.reference\shared\security\_services\auth.service.js
C:\Users\Cait.Sidener\Desktop\Tappers\ClientApp\dist\out-tsc\src\app.reference\shared\security\_services\auth.service.js.map
C:\Users\Cait.Sidener\Desktop\Tappers\ClientApp\dist\out-tsc\src\app.reference\shared\security\_guards\auth.can-activate.guard.js
C:\Users\Cait.Sidener\Desktop\Tappers\ClientApp\dist\out-tsc\src\app.reference\shared\security\_guards\auth.can-activate.guard.js.map
C:\Users\Cait.Sidener\Desktop\Tappers\ClientApp\dist\out-tsc\src\app.reference\shared\security\_guards\index.js
C:\Users\Cait.Sidener\Desktop\Tappers\ClientApp\dist\out-tsc\src\app.reference\shared\security\_guards\index.js.map
C:\Users\Cait.Sidener\Desktop\Tappers\ClientApp\dist\out-tsc\src\app.reference\app-routing.module.js
C:\Users\Cait.Sidener\Desktop\Tappers\ClientApp\dist\out-tsc\src\app.reference\app-routing.module.js.map
C:\Users\Cait.Sidener\Desktop\Tappers\ClientApp\dist\out-tsc\src\app.reference\app.component.js
C:\Users\Cait.Sidener\Desktop\Tappers\ClientApp\dist\out-tsc\src\app.reference\app.component.js.map
C:\Users\Cait.Sidener\Desktop\Tappers\ClientApp\dist\out-tsc\src\app.reference\app.component.spec.js
C:\Users\Cait.Sidener\Desktop\Tappers\ClientApp\dist\out-tsc\src\app.reference\app.component.spec.js.map
C:\Users\Cait.Sidener\Desktop\Tappers\ClientApp\dist\out-tsc\src\app.reference\shared\modal\modal.js
C:\Users\Cait.Sidener\Desktop\Tappers\ClientApp\dist\out-tsc\src\app.reference\shared\modal\modal.js.map
C:\Users\Cait.Sidener\Desktop\Tappers\ClientApp\dist\out-tsc\src\app.reference\shared\modal\_services\modal.service.js
C:\Users\Cait.Sidener\Desktop\Tappers\ClientApp\dist\out-tsc\src\app.reference\shared\modal\_services\modal.service.js.map
C:\Users\Cait.Sidener\Desktop\Tappers\ClientApp\dist\out-tsc\src\app.reference\shared\modal\_services\index.js
C:\Users\Cait.Sidener\Desktop\Tappers\ClientApp\dist\out-tsc\src\app.reference\shared\modal\_services\index.js.map
C:\Users\Cait.Sidener\Desktop\Tappers\ClientApp\dist\out-tsc\src\app.reference\shared\modal\modal.component.js
C:\Users\Cait.Sidener\Desktop\Tappers\ClientApp\dist\out-tsc\src\app.reference\shared\modal\modal.component.js.map
C:\Users\Cait.Sidener\Desktop\Tappers\ClientApp\dist\out-tsc\src\app.reference\shared\pagination\_services\paginator.service.js
C:\Users\Cait.Sidener\Desktop\Tappers\ClientApp\dist\out-tsc\src\app.reference\shared\pagination\_services\paginator.service.js.map
C:\Users\Cait.Sidener\Desktop\Tappers\ClientApp\dist\out-tsc\src\app.reference\shared\pagination\_services\index.js
C:\Users\Cait.Sidener\Desktop\Tappers\ClientApp\dist\out-tsc\src\app.reference\shared\pagination\_services\index.js.map
C:\Users\Cait.Sidener\Desktop\Tappers\ClientApp\dist\out-tsc\src\app.reference\shared\pagination\pagination.component.js
C:\Users\Cait.Sidener\Desktop\Tappers\ClientApp\dist\out-tsc\src\app.reference\shared\pagination\pagination.component.js.map
C:\Users\Cait.Sidener\Desktop\Tappers\ClientApp\dist\out-tsc\src\app.reference\shared\_utilities\url.utility.js
C:\Users\Cait.Sidener\Desktop\Tappers\ClientApp\dist\out-tsc\src\app.reference\shared\_utilities\url.utility.js.map
C:\Users\Cait.Sidener\Desktop\Tappers\ClientApp\dist\out-tsc\src\app.reference\shared\_utilities\index.js
C:\Users\Cait.Sidener\Desktop\Tappers\ClientApp\dist\out-tsc\src\app.reference\shared\_utilities\index.js.map
C:\Users\Cait.Sidener\Desktop\Tappers\ClientApp\dist\out-tsc\src\app.reference\shared\security\_interceptor\token.interceptor.js
C:\Users\Cait.Sidener\Desktop\Tappers\ClientApp\dist\out-tsc\src\app.reference\shared\security\_interceptor\token.interceptor.js.map
C:\Users\Cait.Sidener\Desktop\Tappers\ClientApp\dist\out-tsc\src\app.reference\shared\security\_interceptor\index.js
C:\Users\Cait.Sidener\Desktop\Tappers\ClientApp\dist\out-tsc\src\app.reference\shared\security\_interceptor\index.js.map
C:\Users\Cait.Sidener\Desktop\Tappers\ClientApp\dist\out-tsc\src\app.reference\shared\security\_services\index.js
C:\Users\Cait.Sidener\Desktop\Tappers\ClientApp\dist\out-tsc\src\app.reference\shared\security\_services\index.js.map
C:\Users\Cait.Sidener\Desktop\Tappers\ClientApp\dist\out-tsc\src\app.reference\shared\navigation\_services\navigation.service.js
C:\Users\Cait.Sidener\Desktop\Tappers\ClientApp\dist\out-tsc\src\app.reference\shared\navigation\_services\navigation.service.js.map
C:\Users\Cait.Sidener\Desktop\Tappers\ClientApp\dist\out-tsc\src\app.reference\shared\navigation\_services\index.js
C:\Users\Cait.Sidener\Desktop\Tappers\ClientApp\dist\out-tsc\src\app.reference\shared\navigation\_services\index.js.map
C:\Users\Cait.Sidener\Desktop\Tappers\ClientApp\dist\out-tsc\src\app.reference\shared\navigation\navigation.component.js
C:\Users\Cait.Sidener\Desktop\Tappers\ClientApp\dist\out-tsc\src\app.reference\shared\navigation\navigation.component.js.map
C:\Users\Cait.Sidener\Desktop\Tappers\ClientApp\dist\out-tsc\src\app.reference\shared\indicator\loader\loader.component.js
C:\Users\Cait.Sidener\Desktop\Tappers\ClientApp\dist\out-tsc\src\app.reference\shared\indicator\loader\loader.component.js.map
C:\Users\Cait.Sidener\Desktop\Tappers\ClientApp\dist\out-tsc\src\app.reference\shared\shared.module.js
C:\Users\Cait.Sidener\Desktop\Tappers\ClientApp\dist\out-tsc\src\app.reference\shared\shared.module.js.map
C:\Users\Cait.Sidener\Desktop\Tappers\ClientApp\dist\out-tsc\src\app.reference\account\login\login.component.js
C:\Users\Cait.Sidener\Desktop\Tappers\ClientApp\dist\out-tsc\src\app.reference\account\login\login.component.js.map
C:\Users\Cait.Sidener\Desktop\Tappers\ClientApp\dist\out-tsc\src\app.reference\account\profile\_services\profile.service.js
C:\Users\Cait.Sidener\Desktop\Tappers\ClientApp\dist\out-tsc\src\app.reference\account\profile\_services\profile.service.js.map
C:\Users\Cait.Sidener\Desktop\Tappers\ClientApp\dist\out-tsc\src\app.reference\account\profile\profile.component.js
C:\Users\Cait.Sidener\Desktop\Tappers\ClientApp\dist\out-tsc\src\app.reference\account\profile\profile.component.js.map
C:\Users\Cait.Sidener\Desktop\Tappers\ClientApp\dist\out-tsc\src\app.reference\account\user\user.js
C:\Users\Cait.Sidener\Desktop\Tappers\ClientApp\dist\out-tsc\src\app.reference\account\user\user.js.map
C:\Users\Cait.Sidener\Desktop\Tappers\ClientApp\dist\out-tsc\src\app.reference\account\user\_services\user.service.js
C:\Users\Cait.Sidener\Desktop\Tappers\ClientApp\dist\out-tsc\src\app.reference\account\user\_services\user.service.js.map
C:\Users\Cait.Sidener\Desktop\Tappers\ClientApp\dist\out-tsc\src\app.reference\account\user\_services\index.js
C:\Users\Cait.Sidener\Desktop\Tappers\ClientApp\dist\out-tsc\src\app.reference\account\user\_services\index.js.map
C:\Users\Cait.Sidener\Desktop\Tappers\ClientApp\dist\out-tsc\src\app.reference\account\user\user-detail\user-detail.component.js
C:\Users\Cait.Sidener\Desktop\Tappers\ClientApp\dist\out-tsc\src\app.reference\account\user\user-detail\user-detail.component.js.map
C:\Users\Cait.Sidener\Desktop\Tappers\ClientApp\dist\out-tsc\src\app.reference\account\user\user-list\user-list.component.js
C:\Users\Cait.Sidener\Desktop\Tappers\ClientApp\dist\out-tsc\src\app.reference\account\user\user-list\user-list.component.js.map
C:\Users\Cait.Sidener\Desktop\Tappers\ClientApp\dist\out-tsc\src\app.reference\account\account-routing.module.js
C:\Users\Cait.Sidener\Desktop\Tappers\ClientApp\dist\out-tsc\src\app.reference\account\account-routing.module.js.map
C:\Users\Cait.Sidener\Desktop\Tappers\ClientApp\dist\out-tsc\src\app.reference\account\account.module.js
C:\Users\Cait.Sidener\Desktop\Tappers\ClientApp\dist\out-tsc\src\app.reference\account\account.module.js.map
C:\Users\Cait.Sidener\Desktop\Tappers\ClientApp\dist\out-tsc\src\app.reference\dashboard\dashboard.component.js
C:\Users\Cait.Sidener\Desktop\Tappers\ClientApp\dist\out-tsc\src\app.reference\dashboard\dashboard.component.js.map
C:\Users\Cait.Sidener\Desktop\Tappers\ClientApp\dist\out-tsc\src\app.reference\dashboard\dashboard-routing.module.js
C:\Users\Cait.Sidener\Desktop\Tappers\ClientApp\dist\out-tsc\src\app.reference\dashboard\dashboard-routing.module.js.map
C:\Users\Cait.Sidener\Desktop\Tappers\ClientApp\dist\out-tsc\src\app.reference\dashboard\dashboard.module.js
C:\Users\Cait.Sidener\Desktop\Tappers\ClientApp\dist\out-tsc\src\app.reference\dashboard\dashboard.module.js.map
C:\Users\Cait.Sidener\Desktop\Tappers\ClientApp\dist\out-tsc\src\app.reference\app.module.js
C:\Users\Cait.Sidener\Desktop\Tappers\ClientApp\dist\out-tsc\src\app.reference\app.module.js.map
C:\Users\Cait.Sidener\Desktop\Tappers\ClientApp\dist\out-tsc\src\app.reference\account\profile\_services\index.js
C:\Users\Cait.Sidener\Desktop\Tappers\ClientApp\dist\out-tsc\src\app.reference\account\profile\_services\index.js.map
C:\Users\Cait.Sidener\Desktop\Tappers\ClientApp\dist\out-tsc\src\app.reference\dashboard\welcome\welcome.component.js
C:\Users\Cait.Sidener\Desktop\Tappers\ClientApp\dist\out-tsc\src\app.reference\dashboard\welcome\welcome.component.js.map
C:\Users\Cait.Sidener\Desktop\Tappers\ClientApp\dist\out-tsc\src\environments\environment.prod.js
C:\Users\Cait.Sidener\Desktop\Tappers\ClientApp\dist\out-tsc\src\environments\environment.prod.js.map
